==============================================================================
Tests :: Testing functionality through Robot Framework                        
==============================================================================
Tests.Test Role configuration                                                 
==============================================================================
Start TestCase                                                        | PASS |
------------------------------------------------------------------------------
Submit Anugal username and password                                   | PASS |
------------------------------------------------------------------------------
Role_configuartion                                                    | PASS |
------------------------------------------------------------------------------
Finish TestCase                                                       | PASS |
------------------------------------------------------------------------------
Tests.Test Role configuration                                         | PASS |
4 tests, 4 passed, 0 failed
==============================================================================
Tests :: Testing functionality through Robot Framework                | PASS |
4 tests, 4 passed, 0 failed
==============================================================================
Output:  C:\Anugal_Testing\Anugal\Output\3b63af4f-d12c-4a33-a1c3-37a991525f82\pabot_results\0\Output.xml
