==============================================================================
Tests :: Testing functionality through Robot Framework                        
==============================================================================
Tests.Test User Administration                                                
==============================================================================
Start TestCase                                                        | PASS |
------------------------------------------------------------------------------
Submit Anugal username and password                                   | PASS |
------------------------------------------------------------------------------
Create User_id                                                        | PASS |
------------------------------------------------------------------------------
Finish TestCase                                                       | PASS |
------------------------------------------------------------------------------
Tests.Test User Administration                                        | PASS |
4 tests, 4 passed, 0 failed
==============================================================================
Tests :: Testing functionality through Robot Framework                | PASS |
4 tests, 4 passed, 0 failed
==============================================================================
Output:  C:\Anugal_Testing\Anugal\Output\1c7ce723-11e6-445b-bc64-384d7338ee6a\pabot_results\0\Output.xml
